mode: set
github.com/kilianc/pretender/internal/handlers/osfilereader.go:12.62,15.2 1 0
github.com/kilianc/pretender/internal/handlers/pretender.go:44.78,45.59 1 0
github.com/kilianc/pretender/internal/handlers/pretender.go:45.59,47.3 1 0
github.com/kilianc/pretender/internal/handlers/pretender.go:49.2,53.3 1 0
github.com/kilianc/pretender/internal/handlers/pretender.go:56.74,61.16 4 1
github.com/kilianc/pretender/internal/handlers/pretender.go:61.16,66.3 3 1
github.com/kilianc/pretender/internal/handlers/pretender.go:68.2,69.19 2 1
github.com/kilianc/pretender/internal/handlers/pretender.go:69.19,71.3 1 0
github.com/kilianc/pretender/internal/handlers/pretender.go:73.2,73.30 1 1
github.com/kilianc/pretender/internal/handlers/pretender.go:73.30,75.3 1 1
github.com/kilianc/pretender/internal/handlers/pretender.go:77.2,86.3 3 1
github.com/kilianc/pretender/internal/handlers/pretender.go:89.70,90.32 1 1
github.com/kilianc/pretender/internal/handlers/pretender.go:90.32,92.3 1 1
github.com/kilianc/pretender/internal/handlers/pretender.go:94.2,94.35 1 1
github.com/kilianc/pretender/internal/handlers/pretender.go:94.35,96.3 1 1
github.com/kilianc/pretender/internal/handlers/pretender.go:98.2,101.39 3 1
github.com/kilianc/pretender/internal/handlers/pretender.go:101.39,103.3 1 1
github.com/kilianc/pretender/internal/handlers/pretender.go:105.2,105.22 1 1
github.com/kilianc/pretender/internal/handlers/pretender.go:108.66,110.16 2 1
github.com/kilianc/pretender/internal/handlers/pretender.go:110.16,112.3 1 1
github.com/kilianc/pretender/internal/handlers/pretender.go:115.2,115.38 1 1
github.com/kilianc/pretender/internal/handlers/pretender.go:115.38,119.17 3 1
github.com/kilianc/pretender/internal/handlers/pretender.go:119.17,121.4 1 1
github.com/kilianc/pretender/internal/handlers/pretender.go:123.3,123.31 1 1
github.com/kilianc/pretender/internal/handlers/pretender.go:123.31,124.39 1 1
github.com/kilianc/pretender/internal/handlers/pretender.go:124.39,126.5 1 1
github.com/kilianc/pretender/internal/handlers/pretender.go:128.4,128.35 1 1
github.com/kilianc/pretender/internal/handlers/pretender.go:128.35,130.5 1 1
github.com/kilianc/pretender/internal/handlers/pretender.go:133.4,133.79 1 1
github.com/kilianc/pretender/internal/handlers/pretender.go:133.79,135.5 1 1
github.com/kilianc/pretender/internal/handlers/pretender.go:137.8,141.30 3 1
github.com/kilianc/pretender/internal/handlers/pretender.go:141.30,143.4 1 1
github.com/kilianc/pretender/internal/handlers/pretender.go:146.2,146.31 1 1
github.com/kilianc/pretender/pkg/pretender/server.go:24.58,28.16 3 0
github.com/kilianc/pretender/pkg/pretender/server.go:28.16,30.3 1 0
github.com/kilianc/pretender/pkg/pretender/server.go:32.2,32.31 1 0
github.com/kilianc/pretender/pkg/pretender/server.go:45.32,47.16 2 0
github.com/kilianc/pretender/pkg/pretender/server.go:47.16,49.3 1 0
github.com/kilianc/pretender/pkg/pretender/server.go:51.2,54.21 3 0
github.com/kilianc/pretender/pkg/pretender/server.go:68.30,70.16 2 0
github.com/kilianc/pretender/pkg/pretender/server.go:70.16,72.3 1 0
github.com/kilianc/pretender/pkg/pretender/server.go:74.2,74.75 1 0
github.com/kilianc/pretender/internal/handlers/osfilereader.go:12.62,15.2 1 1
github.com/kilianc/pretender/internal/handlers/pretender.go:44.78,45.59 1 1
github.com/kilianc/pretender/internal/handlers/pretender.go:45.59,47.3 1 1
github.com/kilianc/pretender/internal/handlers/pretender.go:49.2,53.3 1 1
github.com/kilianc/pretender/internal/handlers/pretender.go:56.74,61.16 4 1
github.com/kilianc/pretender/internal/handlers/pretender.go:61.16,66.3 3 1
github.com/kilianc/pretender/internal/handlers/pretender.go:68.2,69.19 2 1
github.com/kilianc/pretender/internal/handlers/pretender.go:69.19,71.3 1 1
github.com/kilianc/pretender/internal/handlers/pretender.go:73.2,73.30 1 1
github.com/kilianc/pretender/internal/handlers/pretender.go:73.30,75.3 1 0
github.com/kilianc/pretender/internal/handlers/pretender.go:77.2,86.3 3 1
github.com/kilianc/pretender/internal/handlers/pretender.go:89.70,90.32 1 1
github.com/kilianc/pretender/internal/handlers/pretender.go:90.32,92.3 1 1
github.com/kilianc/pretender/internal/handlers/pretender.go:94.2,94.35 1 1
github.com/kilianc/pretender/internal/handlers/pretender.go:94.35,96.3 1 1
github.com/kilianc/pretender/internal/handlers/pretender.go:98.2,101.39 3 1
github.com/kilianc/pretender/internal/handlers/pretender.go:101.39,103.3 1 1
github.com/kilianc/pretender/internal/handlers/pretender.go:105.2,105.22 1 1
github.com/kilianc/pretender/internal/handlers/pretender.go:108.66,110.16 2 1
github.com/kilianc/pretender/internal/handlers/pretender.go:110.16,112.3 1 1
github.com/kilianc/pretender/internal/handlers/pretender.go:115.2,115.38 1 1
github.com/kilianc/pretender/internal/handlers/pretender.go:115.38,119.17 3 1
github.com/kilianc/pretender/internal/handlers/pretender.go:119.17,121.4 1 0
github.com/kilianc/pretender/internal/handlers/pretender.go:123.3,123.31 1 1
github.com/kilianc/pretender/internal/handlers/pretender.go:123.31,124.39 1 1
github.com/kilianc/pretender/internal/handlers/pretender.go:124.39,126.5 1 1
github.com/kilianc/pretender/internal/handlers/pretender.go:128.4,128.35 1 1
github.com/kilianc/pretender/internal/handlers/pretender.go:128.35,130.5 1 1
github.com/kilianc/pretender/internal/handlers/pretender.go:133.4,133.79 1 1
github.com/kilianc/pretender/internal/handlers/pretender.go:133.79,135.5 1 0
github.com/kilianc/pretender/internal/handlers/pretender.go:137.8,141.30 3 1
github.com/kilianc/pretender/internal/handlers/pretender.go:141.30,143.4 1 1
github.com/kilianc/pretender/internal/handlers/pretender.go:146.2,146.31 1 1
github.com/kilianc/pretender/pkg/pretender/server.go:24.58,28.16 3 1
github.com/kilianc/pretender/pkg/pretender/server.go:28.16,30.3 1 1
github.com/kilianc/pretender/pkg/pretender/server.go:32.2,32.31 1 1
github.com/kilianc/pretender/pkg/pretender/server.go:45.32,47.16 2 1
github.com/kilianc/pretender/pkg/pretender/server.go:47.16,49.3 1 1
github.com/kilianc/pretender/pkg/pretender/server.go:51.2,54.21 3 1
github.com/kilianc/pretender/pkg/pretender/server.go:68.30,70.16 2 1
github.com/kilianc/pretender/pkg/pretender/server.go:70.16,72.3 1 1
github.com/kilianc/pretender/pkg/pretender/server.go:74.2,74.75 1 1
